<?xml version="1.0" encoding="UTF-8"?>
<!-- Generated by org.testng.reporters.JUnitReportReporter -->
<testsuite hostname="DESKTOP-97LE2J0" failures="0" tests="1" name="testcases.DriverFactoryTest" time="13.835" errors="0" timestamp="2025-09-08T08:45:58 IST" skipped="0">
  <testcase classname="testcases.DriverFactoryTest" name="openSauceDemo" time="13.835"/>
</testsuite> <!-- testcases.DriverFactoryTest -->
