<?xml version="1.0" encoding="UTF-8"?>
<!-- Generated by org.testng.reporters.JUnitReportReporter -->
<testsuite hostname="DESKTOP-97LE2J0" failures="0" tests="4" name="testcases.SortingTest" time="21.587" errors="0" timestamp="2025-09-08T08:45:58 IST" skipped="0">
  <testcase classname="testcases.SortingTest" name="testSortHighToLow" time="4.381"/>
  <testcase classname="testcases.SortingTest" name="testSortLowToHigh" time="5.957"/>
  <testcase classname="testcases.SortingTest" name="testSortZA" time="5.758"/>
  <testcase classname="testcases.SortingTest" name="testSortAZ" time="5.491"/>
</testsuite> <!-- testcases.SortingTest -->
