<?xml version="1.0" encoding="UTF-8"?>
<!-- Generated by org.testng.reporters.JUnitReportReporter -->
<testsuite hostname="DESKTOP-97LE2J0" failures="0" tests="6" name="testcases.LoginTest" time="13.528" errors="0" timestamp="2025-09-08T08:45:58 IST" skipped="0">
  <testcase classname="testcases.LoginTest" name="testAnotherUserLogin" time="2.394"/>
  <testcase classname="testcases.LoginTest" name="testValidLogin" time="2.255"/>
  <testcase classname="testcases.LoginTest" name="testLockedOutUserLogin" time="2.246"/>
  <testcase classname="testcases.LoginTest" name="testCorrectUsernameWrongPassword" time="2.153"/>
  <testcase classname="testcases.LoginTest" name="testWrongUsernameCorrectPassword" time="2.086"/>
  <testcase classname="testcases.LoginTest" name="testInvalidLogin" time="2.394"/>
</testsuite> <!-- testcases.LoginTest -->
